[ 2024-11-22 01:38:26,049 ] 1038 httpx - INFO - HTTP Request: GET https://dagshub.com/api/v1/user "HTTP/1.1 200 OK"
[ 2024-11-22 01:38:26,055 ] 107 dagshub - INFO - Accessing as Manpreet132
[ 2024-11-22 01:38:26,497 ] 1038 httpx - INFO - HTTP Request: GET https://dagshub.com/api/v1/repos/Manpreet132/networksecurity "HTTP/1.1 200 OK"
[ 2024-11-22 01:38:26,889 ] 1038 httpx - INFO - HTTP Request: GET https://dagshub.com/api/v1/user "HTTP/1.1 200 OK"
[ 2024-11-22 01:38:26,892 ] 107 dagshub - INFO - Initialized MLflow to track repo "Manpreet132/networksecurity"
[ 2024-11-22 01:38:26,893 ] 107 dagshub - INFO - Repository Manpreet132/networksecurity initialized!
[ 2024-11-22 01:38:26,895 ] 20 root - INFO - Initiate the data ingestion
[ 2024-11-22 01:38:26,895 ] 41 root - INFO - Connecting to MongoDB: Database=Manpreet, Collection=NetworkData
[ 2024-11-22 01:38:41,459 ] 62 root - INFO - Data loaded successfully from MongoDB. Shape of dataframe: (11055, 31)
[ 2024-11-22 01:38:41,532 ] 75 root - INFO - Data exported to feature store at: Artifacts\11_22_2024_01_38_24\data_ingestion\feature_store\phisingData.csv
[ 2024-11-22 01:38:41,535 ] 90 root - INFO - Performed train/test split successfully.
[ 2024-11-22 01:38:41,591 ] 102 root - INFO - Train and test data saved to: Artifacts\11_22_2024_01_38_24\data_ingestion\ingested\train.csv and Artifacts\11_22_2024_01_38_24\data_ingestion\ingested\test.csv
[ 2024-11-22 01:38:41,591 ] 22 root - INFO - Data Initiation Completed
[ 2024-11-22 01:38:41,599 ] 26 root - INFO - Initiate the data Validation
[ 2024-11-22 01:38:41,651 ] 32 root - INFO - Required number of columns:2
[ 2024-11-22 01:38:41,651 ] 33 root - INFO - Data frame has columns:31
[ 2024-11-22 01:38:41,651 ] 32 root - INFO - Required number of columns:2
[ 2024-11-22 01:38:41,651 ] 33 root - INFO - Data frame has columns:31
[ 2024-11-22 01:38:41,879 ] 28 root - INFO - data Validation Completed
[ 2024-11-22 01:38:41,880 ] 31 root - INFO - data Transformation started
[ 2024-11-22 01:38:41,880 ] 63 root - INFO - Entered initiate_data_transformation method of DataTransformation class
[ 2024-11-22 01:38:41,880 ] 65 root - INFO - Starting data transformation
[ 2024-11-22 01:38:41,912 ] 48 root - INFO - Entered get_data_trnasformer_object method of Trnasformation class
[ 2024-11-22 01:38:41,913 ] 53 root - INFO - Initialise KNNImputer with {'missing_values': nan, 'n_neighbors': 3, 'weights': 'uniform'}
[ 2024-11-22 01:38:41,931 ] 46 root - INFO - Entered the save_object method of MainUtils class
[ 2024-11-22 01:38:41,934 ] 50 root - INFO - Exited the save_object method of MainUtils class
[ 2024-11-22 01:38:41,934 ] 46 root - INFO - Entered the save_object method of MainUtils class
[ 2024-11-22 01:38:41,938 ] 50 root - INFO - Exited the save_object method of MainUtils class
[ 2024-11-22 01:38:41,939 ] 35 root - INFO - data Transformation completed
[ 2024-11-22 01:38:41,940 ] 37 root - INFO - Model Training sstared
[ 2024-11-22 01:44:20,964 ] 46 root - INFO - Entered the save_object method of MainUtils class
[ 2024-11-22 01:44:20,966 ] 50 root - INFO - Exited the save_object method of MainUtils class
[ 2024-11-22 01:44:20,966 ] 46 root - INFO - Entered the save_object method of MainUtils class
[ 2024-11-22 01:44:21,015 ] 50 root - INFO - Exited the save_object method of MainUtils class
[ 2024-11-22 01:44:21,015 ] 152 root - INFO - Model trainer artifact: ModelTrainerArtifact(trained_model_file_path='Artifacts\\11_22_2024_01_38_24\\model_trainer\\trained_model\\model.pkl', train_metric_artifact=ClassificationMetricArtifact(f1_score=np.float64(0.9911970049580087), precision_score=np.float64(0.9886960032297134), recall_score=np.float64(0.9937106918238994)), test_metric_artifact=ClassificationMetricArtifact(f1_score=np.float64(0.9749393694421988), precision_score=np.float64(0.9678972712680578), recall_score=np.float64(0.9820846905537459)))
[ 2024-11-22 01:44:21,019 ] 42 root - INFO - Model Training artifact created
