[ 2024-11-21 22:41:31,915 ] 20 root - INFO - Initiate the data ingestion
[ 2024-11-21 22:41:31,915 ] 41 root - INFO - Connecting to MongoDB: Database=Manpreet, Collection=NetworkData
[ 2024-11-21 22:41:46,105 ] 62 root - INFO - Data loaded successfully from MongoDB. Shape of dataframe: (11055, 31)
[ 2024-11-21 22:41:46,300 ] 75 root - INFO - Data exported to feature store at: Artifacts\11_21_2024_22_41_28\data_ingestion\feature_store\phisingData.csv
[ 2024-11-21 22:41:46,306 ] 90 root - INFO - Performed train/test split successfully.
[ 2024-11-21 22:41:46,382 ] 102 root - INFO - Train and test data saved to: Artifacts\11_21_2024_22_41_28\data_ingestion\ingested\train.csv and Artifacts\11_21_2024_22_41_28\data_ingestion\ingested\test.csv
[ 2024-11-21 22:41:46,383 ] 22 root - INFO - Data Initiation Completed
[ 2024-11-21 22:41:46,410 ] 26 root - INFO - Initiate the data Validation
[ 2024-11-21 22:41:46,480 ] 32 root - INFO - Required number of columns:2
[ 2024-11-21 22:41:46,480 ] 33 root - INFO - Data frame has columns:31
[ 2024-11-21 22:41:46,480 ] 32 root - INFO - Required number of columns:2
[ 2024-11-21 22:41:46,480 ] 33 root - INFO - Data frame has columns:31
[ 2024-11-21 22:41:46,686 ] 28 root - INFO - data Validation Completed
[ 2024-11-21 22:41:46,687 ] 31 root - INFO - data Transformation started
[ 2024-11-21 22:41:46,687 ] 63 root - INFO - Entered initiate_data_transformation method of DataTransformation class
[ 2024-11-21 22:41:46,687 ] 65 root - INFO - Starting data transformation
[ 2024-11-21 22:41:46,715 ] 48 root - INFO - Entered get_data_trnasformer_object method of Trnasformation class
[ 2024-11-21 22:41:46,715 ] 53 root - INFO - Initialise KNNImputer with {'missing_values': nan, 'n_neighbors': 3, 'weights': 'uniform'}
[ 2024-11-21 22:41:46,734 ] 46 root - INFO - Entered the save_object method of MainUtils class
[ 2024-11-21 22:41:46,740 ] 50 root - INFO - Exited the save_object method of MainUtils class
[ 2024-11-21 22:41:46,740 ] 46 root - INFO - Entered the save_object method of MainUtils class
[ 2024-11-21 22:41:46,746 ] 50 root - INFO - Exited the save_object method of MainUtils class
[ 2024-11-21 22:41:46,748 ] 35 root - INFO - data Transformation completed
[ 2024-11-21 22:41:46,749 ] 37 root - INFO - Model Training sstared
[ 2024-11-21 22:46:08,444 ] 46 root - INFO - Entered the save_object method of MainUtils class
[ 2024-11-21 22:46:08,447 ] 50 root - INFO - Exited the save_object method of MainUtils class
[ 2024-11-21 22:46:08,447 ] 46 root - INFO - Entered the save_object method of MainUtils class
[ 2024-11-21 22:46:08,452 ] 50 root - INFO - Exited the save_object method of MainUtils class
[ 2024-11-21 22:46:08,452 ] 151 root - INFO - Model trainer artifact: ModelTrainerArtifact(trained_model_file_path='Artifacts\\11_21_2024_22_41_28\\model_trainer\\trained_model\\model.pkl', train_metric_artifact=ClassificationMetricArtifact(f1_score=np.float64(0.9908163265306122), precision_score=np.float64(0.9881945857927946), recall_score=np.float64(0.9934520155514631)), test_metric_artifact=ClassificationMetricArtifact(f1_score=np.float64(0.9745397571484528), precision_score=np.float64(0.9696024941543258), recall_score=np.float64(0.9795275590551181)))
[ 2024-11-21 22:46:08,453 ] 42 root - INFO - Model Training artifact created
