[ 2024-11-22 01:09:47,223 ] 1038 httpx - INFO - HTTP Request: GET https://dagshub.com/api/v1/user "HTTP/1.1 200 OK"
[ 2024-11-22 01:09:47,228 ] 107 dagshub - INFO - Accessing as Manpreet132
[ 2024-11-22 01:09:47,663 ] 1038 httpx - INFO - HTTP Request: GET https://dagshub.com/api/v1/repos/Manpreet132/networksecurity "HTTP/1.1 200 OK"
[ 2024-11-22 01:09:48,003 ] 1038 httpx - INFO - HTTP Request: GET https://dagshub.com/api/v1/user "HTTP/1.1 200 OK"
[ 2024-11-22 01:09:48,006 ] 107 dagshub - INFO - Initialized MLflow to track repo "Manpreet132/networksecurity"
[ 2024-11-22 01:09:48,009 ] 107 dagshub - INFO - Repository Manpreet132/networksecurity initialized!
[ 2024-11-22 01:09:48,010 ] 20 root - INFO - Initiate the data ingestion
[ 2024-11-22 01:09:48,011 ] 41 root - INFO - Connecting to MongoDB: Database=Manpreet, Collection=NetworkData
[ 2024-11-22 01:09:59,373 ] 62 root - INFO - Data loaded successfully from MongoDB. Shape of dataframe: (11055, 31)
[ 2024-11-22 01:09:59,449 ] 75 root - INFO - Data exported to feature store at: Artifacts\11_22_2024_01_09_44\data_ingestion\feature_store\phisingData.csv
[ 2024-11-22 01:09:59,452 ] 90 root - INFO - Performed train/test split successfully.
[ 2024-11-22 01:09:59,515 ] 102 root - INFO - Train and test data saved to: Artifacts\11_22_2024_01_09_44\data_ingestion\ingested\train.csv and Artifacts\11_22_2024_01_09_44\data_ingestion\ingested\test.csv
[ 2024-11-22 01:09:59,515 ] 22 root - INFO - Data Initiation Completed
[ 2024-11-22 01:09:59,524 ] 26 root - INFO - Initiate the data Validation
[ 2024-11-22 01:09:59,571 ] 32 root - INFO - Required number of columns:2
[ 2024-11-22 01:09:59,571 ] 33 root - INFO - Data frame has columns:31
[ 2024-11-22 01:09:59,571 ] 32 root - INFO - Required number of columns:2
[ 2024-11-22 01:09:59,571 ] 33 root - INFO - Data frame has columns:31
[ 2024-11-22 01:09:59,789 ] 28 root - INFO - data Validation Completed
[ 2024-11-22 01:09:59,789 ] 31 root - INFO - data Transformation started
[ 2024-11-22 01:09:59,789 ] 63 root - INFO - Entered initiate_data_transformation method of DataTransformation class
[ 2024-11-22 01:09:59,789 ] 65 root - INFO - Starting data transformation
[ 2024-11-22 01:09:59,811 ] 48 root - INFO - Entered get_data_trnasformer_object method of Trnasformation class
[ 2024-11-22 01:09:59,811 ] 53 root - INFO - Initialise KNNImputer with {'missing_values': nan, 'n_neighbors': 3, 'weights': 'uniform'}
[ 2024-11-22 01:09:59,828 ] 46 root - INFO - Entered the save_object method of MainUtils class
[ 2024-11-22 01:09:59,834 ] 50 root - INFO - Exited the save_object method of MainUtils class
[ 2024-11-22 01:09:59,834 ] 46 root - INFO - Entered the save_object method of MainUtils class
[ 2024-11-22 01:09:59,839 ] 50 root - INFO - Exited the save_object method of MainUtils class
[ 2024-11-22 01:09:59,840 ] 35 root - INFO - data Transformation completed
[ 2024-11-22 01:09:59,840 ] 37 root - INFO - Model Training sstared
