[ 2024-11-22 14:14:32,270 ] 1038 httpx - INFO - HTTP Request: GET https://dagshub.com/api/v1/user "HTTP/1.1 200 OK"
[ 2024-11-22 14:14:32,278 ] 107 dagshub - INFO - Accessing as Manpreet132
[ 2024-11-22 14:14:32,692 ] 1038 httpx - INFO - HTTP Request: GET https://dagshub.com/api/v1/repos/Manpreet132/networksecurity "HTTP/1.1 200 OK"
[ 2024-11-22 14:14:33,028 ] 1038 httpx - INFO - HTTP Request: GET https://dagshub.com/api/v1/user "HTTP/1.1 200 OK"
[ 2024-11-22 14:14:33,031 ] 107 dagshub - INFO - Initialized MLflow to track repo "Manpreet132/networksecurity"
[ 2024-11-22 14:14:33,032 ] 107 dagshub - INFO - Repository Manpreet132/networksecurity initialized!
[ 2024-11-22 14:15:04,469 ] 42 root - INFO - Start data Ingestion
[ 2024-11-22 14:15:04,469 ] 41 root - INFO - Connecting to MongoDB: Database=Manpreet, Collection=NetworkData
[ 2024-11-22 14:15:15,138 ] 62 root - INFO - Data loaded successfully from MongoDB. Shape of dataframe: (11055, 31)
[ 2024-11-22 14:15:15,249 ] 75 root - INFO - Data exported to feature store at: Artifacts\11_22_2024_14_14_30\data_ingestion\feature_store\phisingData.csv
[ 2024-11-22 14:15:15,256 ] 90 root - INFO - Performed train/test split successfully.
[ 2024-11-22 14:15:15,364 ] 102 root - INFO - Train and test data saved to: Artifacts\11_22_2024_14_14_30\data_ingestion\ingested\train.csv and Artifacts\11_22_2024_14_14_30\data_ingestion\ingested\test.csv
[ 2024-11-22 14:15:15,366 ] 45 root - INFO - Data Ingestion completed and artifact: DataIngestionArtifact(trained_file_path='Artifacts\\11_22_2024_14_14_30\\data_ingestion\\ingested\\train.csv', test_file_path='Artifacts\\11_22_2024_14_14_30\\data_ingestion\\ingested\\test.csv')
[ 2024-11-22 14:15:15,402 ] 55 root - INFO - Initiate the data Validation
[ 2024-11-22 14:15:15,468 ] 32 root - INFO - Required number of columns:2
[ 2024-11-22 14:15:15,468 ] 33 root - INFO - Data frame has columns:31
[ 2024-11-22 14:15:15,468 ] 32 root - INFO - Required number of columns:2
[ 2024-11-22 14:15:15,468 ] 33 root - INFO - Data frame has columns:31
[ 2024-11-22 14:15:15,686 ] 63 root - INFO - Entered initiate_data_transformation method of DataTransformation class
[ 2024-11-22 14:15:15,686 ] 65 root - INFO - Starting data transformation
[ 2024-11-22 14:15:15,718 ] 48 root - INFO - Entered get_data_trnasformer_object method of Trnasformation class
[ 2024-11-22 14:15:15,718 ] 53 root - INFO - Initialise KNNImputer with {'missing_values': nan, 'n_neighbors': 3, 'weights': 'uniform'}
[ 2024-11-22 14:15:15,733 ] 46 root - INFO - Entered the save_object method of MainUtils class
[ 2024-11-22 14:15:15,738 ] 50 root - INFO - Exited the save_object method of MainUtils class
[ 2024-11-22 14:15:15,738 ] 46 root - INFO - Entered the save_object method of MainUtils class
[ 2024-11-22 14:15:15,742 ] 50 root - INFO - Exited the save_object method of MainUtils class
[ 2024-11-22 14:20:40,627 ] 46 root - INFO - Entered the save_object method of MainUtils class
[ 2024-11-22 14:20:40,628 ] 50 root - INFO - Exited the save_object method of MainUtils class
[ 2024-11-22 14:20:40,629 ] 46 root - INFO - Entered the save_object method of MainUtils class
[ 2024-11-22 14:20:40,652 ] 50 root - INFO - Exited the save_object method of MainUtils class
[ 2024-11-22 14:20:40,652 ] 152 root - INFO - Model trainer artifact: ModelTrainerArtifact(trained_model_file_path='Artifacts\\11_22_2024_14_14_30\\model_trainer\\trained_model\\model.pkl', train_metric_artifact=ClassificationMetricArtifact(f1_score=np.float64(0.990818282716174), precision_score=np.float64(0.9877288271977469), recall_score=np.float64(0.9939271255060729)), test_metric_artifact=ClassificationMetricArtifact(f1_score=np.float64(0.9775601795185639), precision_score=np.float64(0.9708265802269044), recall_score=np.float64(0.9843878389482333)))
