[ 2024-11-23 15:28:53,399 ] 1038 httpx - INFO - HTTP Request: GET https://dagshub.com/api/v1/user "HTTP/1.1 200 OK"
[ 2024-11-23 15:28:53,408 ] 107 dagshub - INFO - Accessing as Manpreet132
[ 2024-11-23 15:28:53,814 ] 1038 httpx - INFO - HTTP Request: GET https://dagshub.com/api/v1/repos/Manpreet132/networksecurity "HTTP/1.1 200 OK"
[ 2024-11-23 15:28:54,162 ] 1038 httpx - INFO - HTTP Request: GET https://dagshub.com/api/v1/user "HTTP/1.1 200 OK"
[ 2024-11-23 15:28:54,164 ] 107 dagshub - INFO - Initialized MLflow to track repo "Manpreet132/networksecurity"
[ 2024-11-23 15:28:54,165 ] 107 dagshub - INFO - Repository Manpreet132/networksecurity initialized!
[ 2024-11-23 15:30:17,453 ] 42 root - INFO - Start data Ingestion
[ 2024-11-23 15:30:17,453 ] 41 root - INFO - Connecting to MongoDB: Database=Manpreet, Collection=NetworkData
[ 2024-11-23 15:30:29,592 ] 62 root - INFO - Data loaded successfully from MongoDB. Shape of dataframe: (11055, 31)
[ 2024-11-23 15:30:29,719 ] 75 root - INFO - Data exported to feature store at: Artifacts\11_23_2024_15_28_48\data_ingestion\feature_store\phisingData.csv
[ 2024-11-23 15:30:29,728 ] 90 root - INFO - Performed train/test split successfully.
[ 2024-11-23 15:30:29,813 ] 102 root - INFO - Train and test data saved to: Artifacts\11_23_2024_15_28_48\data_ingestion\ingested\train.csv and Artifacts\11_23_2024_15_28_48\data_ingestion\ingested\test.csv
[ 2024-11-23 15:30:29,814 ] 45 root - INFO - Data Ingestion completed and artifact: DataIngestionArtifact(trained_file_path='Artifacts\\11_23_2024_15_28_48\\data_ingestion\\ingested\\train.csv', test_file_path='Artifacts\\11_23_2024_15_28_48\\data_ingestion\\ingested\\test.csv')
[ 2024-11-23 15:30:29,841 ] 55 root - INFO - Initiate the data Validation
[ 2024-11-23 15:30:29,941 ] 32 root - INFO - Required number of columns:2
[ 2024-11-23 15:30:29,943 ] 33 root - INFO - Data frame has columns:31
[ 2024-11-23 15:30:29,943 ] 32 root - INFO - Required number of columns:2
[ 2024-11-23 15:30:29,943 ] 33 root - INFO - Data frame has columns:31
[ 2024-11-23 15:30:30,183 ] 63 root - INFO - Entered initiate_data_transformation method of DataTransformation class
[ 2024-11-23 15:30:30,183 ] 65 root - INFO - Starting data transformation
[ 2024-11-23 15:30:30,231 ] 48 root - INFO - Entered get_data_trnasformer_object method of Trnasformation class
[ 2024-11-23 15:30:30,231 ] 53 root - INFO - Initialise KNNImputer with {'missing_values': nan, 'n_neighbors': 3, 'weights': 'uniform'}
[ 2024-11-23 15:30:30,254 ] 46 root - INFO - Entered the save_object method of MainUtils class
[ 2024-11-23 15:30:30,261 ] 50 root - INFO - Exited the save_object method of MainUtils class
[ 2024-11-23 15:30:30,261 ] 46 root - INFO - Entered the save_object method of MainUtils class
[ 2024-11-23 15:30:30,266 ] 50 root - INFO - Exited the save_object method of MainUtils class
[ 2024-11-23 15:39:42,139 ] 46 root - INFO - Entered the save_object method of MainUtils class
[ 2024-11-23 15:39:42,142 ] 50 root - INFO - Exited the save_object method of MainUtils class
[ 2024-11-23 15:39:42,143 ] 46 root - INFO - Entered the save_object method of MainUtils class
[ 2024-11-23 15:39:42,192 ] 50 root - INFO - Exited the save_object method of MainUtils class
[ 2024-11-23 15:39:42,193 ] 152 root - INFO - Model trainer artifact: ModelTrainerArtifact(trained_model_file_path='Artifacts\\11_23_2024_15_28_48\\model_trainer\\trained_model\\model.pkl', train_metric_artifact=ClassificationMetricArtifact(f1_score=np.float64(0.9915356711003628), precision_score=np.float64(0.9881502309700743), recall_score=np.float64(0.9949443882709808)), test_metric_artifact=ClassificationMetricArtifact(f1_score=np.float64(0.9742331288343559), precision_score=np.float64(0.9659367396593674), recall_score=np.float64(0.9826732673267327)))
